ISim log file
Running: /media/sf_sharedwork/mmips/workspace/testbench_isim_beh.exe -intstyle ise -gui -tclbatch isim.cmd -wdb /media/sf_sharedwork/mmips/workspace/testbench_isim_beh.wdb 
ISim P.28xd (signature 0x54af6ca1)
This is a Full version of ISim.
Time resolution is 1 ps
# onerror resume
# wave add /
# run 1000 ns
Simulator is doing circuit initialization process.
Finished circuit initialization process.
# run all
Costm ins
Clip ins eq:         22:        255:        22
Clip ins eq:         33:        255:        33
Costm ins
Clip ins eq:         23:        255:        23
Clip ins eq:         34:        255:        34
Costm ins
Clip ins eq:         22:        255:        22
Clip ins eq:         35:        255:        35
Costm ins
Clip ins eq:         23:        255:        23
Clip ins eq:         36:        255:        36
Costm ins
Clip ins eq:         22:        255:        22
Clip ins eq:         37:        255:        37
Costm ins
Clip ins eq:         23:        255:        23
Clip ins eq:         38:        255:        38
Costm ins
Clip ins eq:         22:        255:        22
Clip ins eq:         39:        255:        39
Costm ins
Clip ins eq:         24:        255:        24
Clip ins eq:         40:        255:        40
Costm ins
Clip ins eq:         22:        255:        22
Clip ins eq:         41:        255:        41
Costm ins
Clip ins eq:         23:        255:        23
Clip ins eq:         42:        255:        42
Costm ins
Clip ins eq:         21:        255:        21
Clip ins eq:         43:        255:        43
Costm ins
Clip ins eq:         24:        255:        24
Clip ins eq:         44:        255:        44
Costm ins
Clip ins eq:         23:        255:        23
Clip ins eq:         45:        255:        45
Costm ins
Clip ins eq:         24:        255:        24
Clip ins eq:         46:        255:        46
Costm ins
Clip ins eq:         23:        255:        23
Clip ins eq:         47:        255:        47
Costm ins
Clip ins eq:         25:        255:        25
Clip ins eq:         48:        255:        48
Costm ins
Clip ins eq:         23:        255:        23
Clip ins eq:         49:        255:        49
Costm ins
Clip ins eq:         24:        255:        24
Clip ins eq:         50:        255:        50
Costm ins
Clip ins eq:          0:        255:         0
Clip ins eq:         51:        255:        51
Costm ins
Clip ins eq:         62:        255:        62
Clip ins eq:         52:        255:        52
Costm ins
Clip ins eq:         61:        255:        61
Clip ins eq:         53:        255:        53
Costm ins
Clip ins eq:         62:        255:        62
Clip ins eq:         54:        255:        54
Costm ins
Clip ins eq:         57:        255:        57
Clip ins eq:         55:        255:        55
Costm ins
Clip ins eq:         68:        255:        68
Clip ins eq:         56:        255:        56
Costm ins
Clip ins eq:         63:        255:        63
Clip ins eq:         57:        255:        57
Costm ins
Clip ins eq:         65:        255:        65
Clip ins eq:         58:        255:        58
Costm ins
Clip ins eq:         39:        255:        39
Clip ins eq:         59:        255:        59
Costm ins
Clip ins eq:        101:        255:       101
Clip ins eq:         60:        255:        60
Costm ins
Clip ins eq:         97:        255:        97
Clip ins eq:         61:        255:        61
Costm ins
Clip ins eq:         99:        255:        99
Clip ins eq:         62:        255:        62
Costm ins
Clip ins eq:         23:        255:        23
Clip ins eq:         65:        255:        65
Costm ins
Clip ins eq:         24:        255:        24
Clip ins eq:         66:        255:        66
Costm ins
Clip ins eq:         23:        255:        23
Clip ins eq:         67:        255:        67
Costm ins
Clip ins eq:         23:        255:        23
Clip ins eq:         68:        255:        68
Costm ins
Clip ins eq:         22:        255:        22
Clip ins eq:         69:        255:        69
Costm ins
Clip ins eq:         23:        255:        23
Clip ins eq:         70:        255:        70
Costm ins
Clip ins eq:         22:        255:        22
Clip ins eq:         71:        255:        71
Costm ins
Clip ins eq:         23:        255:        23
Clip ins eq:         72:        255:        72
Costm ins
Clip ins eq:         22:        255:        22
Clip ins eq:         73:        255:        73
Costm ins
Clip ins eq:         23:        255:        23
Clip ins eq:         74:        255:        74
Costm ins
Clip ins eq:         22:        255:        22
Clip ins eq:         75:        255:        75
Costm ins
Clip ins eq:         25:        255:        25
Clip ins eq:         76:        255:        76
Costm ins
Clip ins eq:         23:        255:        23
Clip ins eq:         77:        255:        77
Costm ins
Clip ins eq:         24:        255:        24
Clip ins eq:         78:        255:        78
Costm ins
Clip ins eq:         23:        255:        23
Clip ins eq:         79:        255:        79
Costm ins
Clip ins eq:         24:        255:        24
Clip ins eq:         80:        255:        80
Costm ins
Clip ins eq:         23:        255:        23
Clip ins eq:         81:        255:        81
Costm ins
Clip ins eq:         24:        255:        24
Clip ins eq:         82:        255:        82
Costm ins
Clip ins eq:          3:        255:         3
Clip ins eq:         83:        255:        83
Costm ins
Clip ins eq:         78:        255:        78
Clip ins eq:         84:        255:        84
Costm ins
Clip ins eq:         55:        255:        55
Clip ins eq:         85:        255:        85
Costm ins
Clip ins eq:         59:        255:        59
Clip ins eq:         86:        255:        86
Costm ins
Clip ins eq:         52:        255:        52
Clip ins eq:         87:        255:        87
Costm ins
Clip ins eq:         67:        255:        67
Clip ins eq:         88:        255:        88
Costm ins
Clip ins eq:         61:        255:        61
Clip ins eq:         89:        255:        89
Costm ins
Clip ins eq:         66:        255:        66
Clip ins eq:         90:        255:        90
Costm ins
Clip ins eq:         35:        255:        35
Clip ins eq:         91:        255:        91
Costm ins
Clip ins eq:        119:        255:       119
Clip ins eq:         92:        255:        92
Costm ins
Clip ins eq:         95:        255:        95
Clip ins eq:         93:        255:        93
Costm ins
Clip ins eq:        102:        255:       102
Clip ins eq:         94:        255:        94
Costm ins
Clip ins eq:         22:        255:        22
Clip ins eq:         97:        255:        97
Costm ins
Clip ins eq:         23:        255:        23
Clip ins eq:         98:        255:        98
Costm ins
Clip ins eq:         22:        255:        22
Clip ins eq:         99:        255:        99
Costm ins
Clip ins eq:         23:        255:        23
Clip ins eq:        100:        255:       100
Costm ins
Clip ins eq:         22:        255:        22
Clip ins eq:        101:        255:       101
Costm ins
Clip ins eq:         23:        255:        23
Clip ins eq:        102:        255:       102
Costm ins
Clip ins eq:         22:        255:        22
Clip ins eq:        103:        255:       103
Costm ins
Clip ins eq:         23:        255:        23
Clip ins eq:        104:        255:       104
Costm ins
Clip ins eq:         22:        255:        22
Clip ins eq:        105:        255:       105
Costm ins
Clip ins eq:         23:        255:        23
Clip ins eq:        106:        255:       106
Costm ins
Clip ins eq:         22:        255:        22
Clip ins eq:        107:        255:       107
Costm ins
Clip ins eq:         25:        255:        25
Clip ins eq:        108:        255:       108
Costm ins
Clip ins eq:         23:        255:        23
Clip ins eq:        109:        255:       109
Costm ins
Clip ins eq:         24:        255:        24
Clip ins eq:        110:        255:       110
Costm ins
Clip ins eq:         23:        255:        23
Clip ins eq:        111:        255:       111
Costm ins
Clip ins eq:         24:        255:        24
Clip ins eq:        112:        255:       112
Costm ins
Clip ins eq:         23:        255:        23
Clip ins eq:        113:        255:       113
Costm ins
Clip ins eq:         24:        255:        24
Clip ins eq:        114:        255:       114
Costm ins
Clip ins eq:          2:        255:         2
Clip ins eq:        115:        255:       115
Costm ins
Clip ins eq:         77:        255:        77
Clip ins eq:        116:        255:       116
Costm ins
Clip ins eq:         55:        255:        55
Clip ins eq:        117:        255:       117
Costm ins
Clip ins eq:         59:        255:        59
Clip ins eq:        118:        255:       118
Costm ins
Clip ins eq:         52:        255:        52
Clip ins eq:        119:        255:       119
Costm ins
Clip ins eq:         66:        255:        66
Clip ins eq:        120:        255:       120
Costm ins
Clip ins eq:         58:        255:        58
Clip ins eq:        121:        255:       121
Costm ins
Clip ins eq:         63:        255:        63
Clip ins eq:        122:        255:       122
Costm ins
Clip ins eq:         33:        255:        33
Clip ins eq:        123:        255:       123
Costm ins
Clip ins eq:        126:        255:       126
Clip ins eq:        124:        255:       124
Costm ins
Clip ins eq:         99:        255:        99
Clip ins eq:        125:        255:       125
Costm ins
Clip ins eq:        107:        255:       107
Clip ins eq:        126:        255:       126
Costm ins
Clip ins eq:         22:        255:        22
Clip ins eq:        129:        255:       129
Costm ins
Clip ins eq:         23:        255:        23
Clip ins eq:        130:        255:       130
Costm ins
Clip ins eq:         22:        255:        22
Clip ins eq:        131:        255:       131
Costm ins
Clip ins eq:         23:        255:        23
Clip ins eq:        132:        255:       132
Costm ins
Clip ins eq:         22:        255:        22
Clip ins eq:        133:        255:       133
Costm ins
Clip ins eq:         23:        255:        23
Clip ins eq:        134:        255:       134
Costm ins
Clip ins eq:         23:        255:        23
Clip ins eq:        135:        255:       135
Costm ins
Clip ins eq:         23:        255:        23
Clip ins eq:        136:        255:       136
Costm ins
Clip ins eq:         22:        255:        22
Clip ins eq:        137:        255:       137
Costm ins
Clip ins eq:         23:        255:        23
Clip ins eq:        138:        255:       138
Costm ins
Clip ins eq:         22:        255:        22
Clip ins eq:        139:        255:       139
Costm ins
Clip ins eq:         25:        255:        25
Clip ins eq:        140:        255:       140
Costm ins
Clip ins eq:         23:        255:        23
Clip ins eq:        141:        255:       141
Costm ins
Clip ins eq:         24:        255:        24
Clip ins eq:        142:        255:       142
Costm ins
Clip ins eq:         23:        255:        23
Clip ins eq:        143:        255:       143
Costm ins
Clip ins eq:         23:        255:        23
Clip ins eq:        144:        255:       144
Costm ins
Clip ins eq:         22:        255:        22
Clip ins eq:        145:        255:       145
Costm ins
Clip ins eq:         23:        255:        23
Clip ins eq:        146:        255:       146
Costm ins
Clip ins eq:          1:        255:         1
Clip ins eq:        147:        255:       147
Costm ins
Clip ins eq:         77:        255:        77
Clip ins eq:        148:        255:       148
Costm ins
Clip ins eq:         55:        255:        55
Clip ins eq:        149:        255:       149
Costm ins
Clip ins eq:         59:        255:        59
Clip ins eq:        150:        255:       150
Costm ins
Clip ins eq:         53:        255:        53
Clip ins eq:        151:        255:       151
Costm ins
Clip ins eq:         67:        255:        67
Clip ins eq:        152:        255:       152
Costm ins
Clip ins eq:         60:        255:        60
Clip ins eq:        153:        255:       153
Costm ins
Clip ins eq:         65:        255:        65
Clip ins eq:        154:        255:       154
Costm ins
Clip ins eq:         36:        255:        36
Clip ins eq:        155:        255:       155
Costm ins
Clip ins eq:        130:        255:       130
Clip ins eq:        156:        255:       156
Costm ins
Clip ins eq:         99:        255:        99
Clip ins eq:        157:        255:       157
Costm ins
Clip ins eq:        107:        255:       107
Clip ins eq:        158:        255:       158
Costm ins
Clip ins eq:         22:        255:        22
Clip ins eq:        161:        255:       161
Costm ins
Clip ins eq:         23:        255:        23
Clip ins eq:        162:        255:       162
Costm ins
Clip ins eq:         22:        255:        22
Clip ins eq:        163:        255:       163
Costm ins
Clip ins eq:         24:        255:        24
Clip ins eq:        164:        255:       164
Costm ins
Clip ins eq:         23:        255:        23
Clip ins eq:        165:        255:       165
Costm ins
Clip ins eq:         24:        255:        24
Clip ins eq:        166:        255:       166
Costm ins
Clip ins eq:         23:        255:        23
Clip ins eq:        167:        255:       167
Costm ins
Clip ins eq:         23:        255:        23
Clip ins eq:        168:        255:       168
Costm ins
Clip ins eq:         22:        255:        22
Clip ins eq:        169:        255:       169
Costm ins
Clip ins eq:         23:        255:        23
Clip ins eq:        170:        255:       170
Costm ins
Clip ins eq:         22:        255:        22
Clip ins eq:        171:        255:       171
Costm ins
Clip ins eq:         25:        255:        25
Clip ins eq:        172:        255:       172
Costm ins
Clip ins eq:         23:        255:        23
Clip ins eq:        173:        255:       173
Costm ins
Clip ins eq:         24:        255:        24
Clip ins eq:        174:        255:       174
Costm ins
Clip ins eq:         24:        255:        24
Clip ins eq:        175:        255:       175
Costm ins
Clip ins eq:         24:        255:        24
Clip ins eq:        176:        255:       176
Costm ins
Clip ins eq:         23:        255:        23
Clip ins eq:        177:        255:       177
Costm ins
Clip ins eq:         24:        255:        24
Clip ins eq:        178:        255:       178
Costm ins
Clip ins eq:          3:        255:         3
Clip ins eq:        179:        255:       179
Costm ins
Clip ins eq:         78:        255:        78
Clip ins eq:        180:        255:       180
Costm ins
Clip ins eq:         56:        255:        56
Clip ins eq:        181:        255:       181
Costm ins
Clip ins eq:         60:        255:        60
Clip ins eq:        182:        255:       182
Costm ins
Clip ins eq:         52:        255:        52
Clip ins eq:        183:        255:       183
Costm ins
Clip ins eq:         66:        255:        66
Clip ins eq:        184:        255:       184
Costm ins
Clip ins eq:         59:        255:        59
Clip ins eq:        185:        255:       185
Costm ins
Clip ins eq:         64:        255:        64
Clip ins eq:        186:        255:       186
Costm ins
Clip ins eq:         35:        255:        35
Clip ins eq:        187:        255:       187
Costm ins
Clip ins eq:        128:        255:       128
Clip ins eq:        188:        255:       188
Costm ins
Clip ins eq:         98:        255:        98
Clip ins eq:        189:        255:       189
Costm ins
Clip ins eq:        106:        255:       106
Clip ins eq:        190:        255:       190
Costm ins
Clip ins eq:         22:        255:        22
Clip ins eq:        193:        255:       193
Costm ins
Clip ins eq:         23:        255:        23
Clip ins eq:        194:        255:       194
Costm ins
Clip ins eq:         22:        255:        22
Clip ins eq:        195:        255:       195
Costm ins
Clip ins eq:         24:        255:        24
Clip ins eq:        196:        255:       196
Costm ins
Clip ins eq:         22:        255:        22
Clip ins eq:        197:        255:       197
Costm ins
Clip ins eq:         23:        255:        23
Clip ins eq:        198:        255:       198
Costm ins
Clip ins eq:         22:        255:        22
Clip ins eq:        199:        255:       199
Costm ins
Clip ins eq:         23:        255:        23
Clip ins eq:        200:        255:       200
Costm ins
Clip ins eq:         22:        255:        22
Clip ins eq:        201:        255:       201
Costm ins
Clip ins eq:         23:        255:        23
Clip ins eq:        202:        255:       202
Costm ins
Clip ins eq:         22:        255:        22
Clip ins eq:        203:        255:       203
Costm ins
Clip ins eq:         25:        255:        25
Clip ins eq:        204:        255:       204
Costm ins
Clip ins eq:         23:        255:        23
Clip ins eq:        205:        255:       205
Costm ins
Clip ins eq:         24:        255:        24
Clip ins eq:        206:        255:       206
Costm ins
Clip ins eq:         24:        255:        24
Clip ins eq:        207:        255:       207
Costm ins
Clip ins eq:         22:        255:        22
Clip ins eq:        208:        255:       208
Costm ins
Clip ins eq:         21:        255:        21
Clip ins eq:        209:        255:       209
Costm ins
Clip ins eq:         22:        255:        22
Clip ins eq:        210:        255:       210
Costm ins
Clip ins eq:          0:        255:         0
Clip ins eq:        211:        255:       211
Costm ins
Clip ins eq:         75:        255:        75
Clip ins eq:        212:        255:       212
Costm ins
Clip ins eq:         53:        255:        53
Clip ins eq:        213:        255:       213
Costm ins
Clip ins eq:         57:        255:        57
Clip ins eq:        214:        255:       214
Costm ins
Clip ins eq:         49:        255:        49
Clip ins eq:        215:        255:       215
Costm ins
Clip ins eq:         67:        255:        67
Clip ins eq:        216:        255:       216
Costm ins
Clip ins eq:         60:        255:        60
Clip ins eq:        217:        255:       217
Costm ins
Clip ins eq:         65:        255:        65
Clip ins eq:        218:        255:       218
Costm ins
Clip ins eq:         35:        255:        35
Clip ins eq:        219:        255:       219
Costm ins
Clip ins eq:        127:        255:       127
Clip ins eq:        220:        255:       220
Costm ins
Clip ins eq:         98:        255:        98
Clip ins eq:        221:        255:       221
Costm ins
Clip ins eq:        106:        255:       106
Clip ins eq:        222:        255:       222
Costm ins
Clip ins eq:         22:        255:        22
Clip ins eq:        225:        255:       225
Costm ins
Clip ins eq:         23:        255:        23
Clip ins eq:        226:        255:       226
Costm ins
Clip ins eq:         22:        255:        22
Clip ins eq:        227:        255:       227
Costm ins
Clip ins eq:         23:        255:        23
Clip ins eq:        228:        255:       228
Costm ins
Clip ins eq:         22:        255:        22
Clip ins eq:        229:        255:       229
Costm ins
Clip ins eq:         23:        255:        23
Clip ins eq:        230:        255:       230
Costm ins
Clip ins eq:         22:        255:        22
Clip ins eq:        231:        255:       231
Costm ins
Clip ins eq:         23:        255:        23
Clip ins eq:        232:        255:       232
Costm ins
Clip ins eq:         22:        255:        22
Clip ins eq:        233:        255:       233
Costm ins
Clip ins eq:         23:        255:        23
Clip ins eq:        234:        255:       234
Costm ins
Clip ins eq:         22:        255:        22
Clip ins eq:        235:        255:       235
Costm ins
Clip ins eq:         25:        255:        25
Clip ins eq:        236:        255:       236
Costm ins
Clip ins eq:         23:        255:        23
Clip ins eq:        237:        255:       237
Costm ins
Clip ins eq:         24:        255:        24
Clip ins eq:        238:        255:       238
Costm ins
Clip ins eq:         23:        255:        23
Clip ins eq:        239:        255:       239
Costm ins
Clip ins eq:         22:        255:        22
Clip ins eq:        240:        255:       240
Costm ins
Clip ins eq:         22:        255:        22
Clip ins eq:        241:        255:       241
Costm ins
Clip ins eq:         23:        255:        23
Clip ins eq:        242:        255:       242
Costm ins
Clip ins eq:          3:        255:         3
Clip ins eq:        243:        255:       243
Costm ins
Clip ins eq:         79:        255:        79
Clip ins eq:        244:        255:       244
Costm ins
Clip ins eq:         57:        255:        57
Clip ins eq:        245:        255:       245
Costm ins
Clip ins eq:         61:        255:        61
Clip ins eq:        246:        255:       246
Costm ins
Clip ins eq:         53:        255:        53
Clip ins eq:        247:        255:       247
Costm ins
Clip ins eq:         70:        255:        70
Clip ins eq:        248:        255:       248
Costm ins
Clip ins eq:         62:        255:        62
Clip ins eq:        249:        255:       249
Costm ins
Clip ins eq:         67:        255:        67
Clip ins eq:        250:        255:       250
Costm ins
Clip ins eq:         37:        255:        37
Clip ins eq:        251:        255:       251
Costm ins
Clip ins eq:        131:        255:       131
Clip ins eq:        252:        255:       252
Costm ins
Clip ins eq:        102:        255:       102
Clip ins eq:        253:        255:       253
Costm ins
Clip ins eq:        110:        255:       110
Clip ins eq:        254:        255:       254
Costm ins
Clip ins eq:         22:        255:        22
Clip ins high:        257:        255:       255
Costm ins
Clip ins eq:         23:        255:        23
Clip ins high:        258:        255:       255
Costm ins
Clip ins eq:         22:        255:        22
Clip ins high:        259:        255:       255
Costm ins
Clip ins eq:         23:        255:        23
Clip ins high:        260:        255:       255
Costm ins
Clip ins eq:         22:        255:        22
Clip ins high:        261:        255:       255
Costm ins
Clip ins eq:         23:        255:        23
Clip ins high:        262:        255:       255
Costm ins
Clip ins eq:         22:        255:        22
Clip ins high:        263:        255:       255
Costm ins
Clip ins eq:         23:        255:        23
Clip ins high:        264:        255:       255
Costm ins
Clip ins eq:         22:        255:        22
Clip ins high:        265:        255:       255
Costm ins
Clip ins eq:         23:        255:        23
Clip ins high:        266:        255:       255
Costm ins
Clip ins eq:         22:        255:        22
Clip ins high:        267:        255:       255
Costm ins
Clip ins eq:         25:        255:        25
Clip ins high:        268:        255:       255
Costm ins
Clip ins eq:         23:        255:        23
Clip ins high:        269:        255:       255
Costm ins
Clip ins eq:         24:        255:        24
Clip ins high:        270:        255:       255
Costm ins
Clip ins eq:         23:        255:        23
Clip ins high:        271:        255:       255
Costm ins
Clip ins eq:         23:        255:        23
Clip ins high:        272:        255:       255
Costm ins
Clip ins eq:         22:        255:        22
Clip ins high:        273:        255:       255
Costm ins
Clip ins eq:         23:        255:        23
Clip ins high:        274:        255:       255
Costm ins
Clip ins eq:          1:        255:         1
Clip ins high:        275:        255:       255
Costm ins
Clip ins eq:         75:        255:        75
Clip ins high:        276:        255:       255
Costm ins
Clip ins eq:         52:        255:        52
Clip ins high:        277:        255:       255
Costm ins
Clip ins eq:         56:        255:        56
Clip ins high:        278:        255:       255
Costm ins
Clip ins eq:         49:        255:        49
Clip ins high:        279:        255:       255
Costm ins
Clip ins eq:         68:        255:        68
Clip ins high:        280:        255:       255
Costm ins
Clip ins eq:         60:        255:        60
Clip ins high:        281:        255:       255
Costm ins
Clip ins eq:         65:        255:        65
Clip ins high:        282:        255:       255
Costm ins
Clip ins eq:         34:        255:        34
Clip ins high:        283:        255:       255
Costm ins
Clip ins eq:        130:        255:       130
Clip ins high:        284:        255:       255
Costm ins
Clip ins eq:        100:        255:       100
Clip ins high:        285:        255:       255
Costm ins
Clip ins eq:        108:        255:       108
Clip ins high:        286:        255:       255
Costm ins
Clip ins eq:         22:        255:        22
Clip ins high:        289:        255:       255
Costm ins
Clip ins eq:         23:        255:        23
Clip ins high:        290:        255:       255
Costm ins
Clip ins eq:         22:        255:        22
Clip ins high:        291:        255:       255
Costm ins
Clip ins eq:         23:        255:        23
Clip ins high:        292:        255:       255
Costm ins
Clip ins eq:         22:        255:        22
Clip ins high:        293:        255:       255
Costm ins
Clip ins eq:         23:        255:        23
Clip ins high:        294:        255:       255
Costm ins
Clip ins eq:         22:        255:        22
Clip ins high:        295:        255:       255
Costm ins
Clip ins eq:         23:        255:        23
Clip ins high:        296:        255:       255
Costm ins
Clip ins eq:         22:        255:        22
Clip ins high:        297:        255:       255
Costm ins
Clip ins eq:         23:        255:        23
Clip ins high:        298:        255:       255
Costm ins
Clip ins eq:         22:        255:        22
Clip ins high:        299:        255:       255
Costm ins
Clip ins eq:         25:        255:        25
Clip ins high:        300:        255:       255
Costm ins
Clip ins eq:         23:        255:        23
Clip ins high:        301:        255:       255
Costm ins
Clip ins eq:         24:        255:        24
Clip ins high:        302:        255:       255
Costm ins
Clip ins eq:         23:        255:        23
Clip ins high:        303:        255:       255
Costm ins
Clip ins eq:         23:        255:        23
Clip ins high:        304:        255:       255
Costm ins
Clip ins eq:         22:        255:        22
Clip ins high:        305:        255:       255
Costm ins
Clip ins eq:         23:        255:        23
Clip ins high:        306:        255:       255
Costm ins
Clip ins eq:          2:        255:         2
Clip ins high:        307:        255:       255
Costm ins
Clip ins eq:         77:        255:        77
Clip ins high:        308:        255:       255
Costm ins
Clip ins eq:         57:        255:        57
Clip ins high:        309:        255:       255
Costm ins
Clip ins eq:         60:        255:        60
Clip ins high:        310:        255:       255
Costm ins
Clip ins eq:         51:        255:        51
Clip ins high:        311:        255:       255
Costm ins
Clip ins eq:         68:        255:        68
Clip ins high:        312:        255:       255
Costm ins
Clip ins eq:         60:        255:        60
Clip ins high:        313:        255:       255
Costm ins
Clip ins eq:         65:        255:        65
Clip ins high:        314:        255:       255
Costm ins
Clip ins eq:         36:        255:        36
Clip ins high:        315:        255:       255
Costm ins
Clip ins eq:        131:        255:       131
Clip ins high:        316:        255:       255
Costm ins
Clip ins eq:        101:        255:       101
Clip ins high:        317:        255:       255
Costm ins
Clip ins eq:        109:        255:       109
Clip ins high:        318:        255:       255
Costm ins
Clip ins eq:         22:        255:        22
Clip ins high:        321:        255:       255
Costm ins
Clip ins eq:         23:        255:        23
Clip ins high:        322:        255:       255
Costm ins
Clip ins eq:         23:        255:        23
Clip ins high:        323:        255:       255
Costm ins
Clip ins eq:         23:        255:        23
Clip ins high:        324:        255:       255
Costm ins
Clip ins eq:         22:        255:        22
Clip ins high:        325:        255:       255
Costm ins
Clip ins eq:         23:        255:        23
Clip ins high:        326:        255:       255
Costm ins
Clip ins eq:         22:        255:        22
Clip ins high:        327:        255:       255
Costm ins
Clip ins eq:         23:        255:        23
Clip ins high:        328:        255:       255
Costm ins
Clip ins eq:         22:        255:        22
Clip ins high:        329:        255:       255
Costm ins
Clip ins eq:         23:        255:        23
Clip ins high:        330:        255:       255
Costm ins
Clip ins eq:         22:        255:        22
Clip ins high:        331:        255:       255
Costm ins
Clip ins eq:         25:        255:        25
Clip ins high:        332:        255:       255
Costm ins
Clip ins eq:         23:        255:        23
Clip ins high:        333:        255:       255
Costm ins
Clip ins eq:         24:        255:        24
Clip ins high:        334:        255:       255
Costm ins
Clip ins eq:         23:        255:        23
Clip ins high:        335:        255:       255
Costm ins
Clip ins eq:         23:        255:        23
Clip ins high:        336:        255:       255
Costm ins
Clip ins eq:         22:        255:        22
Clip ins high:        337:        255:       255
Costm ins
Clip ins eq:         23:        255:        23
Clip ins high:        338:        255:       255
Costm ins
Clip ins eq:          3:        255:         3
Clip ins high:        339:        255:       255
Costm ins
Clip ins eq:         75:        255:        75
Clip ins high:        340:        255:       255
Costm ins
Clip ins eq:         52:        255:        52
Clip ins high:        341:        255:       255
Costm ins
Clip ins eq:         56:        255:        56
Clip ins high:        342:        255:       255
Costm ins
Clip ins eq:         48:        255:        48
Clip ins high:        343:        255:       255
Costm ins
Clip ins eq:         68:        255:        68
Clip ins high:        344:        255:       255
Costm ins
Clip ins eq:         61:        255:        61
Clip ins high:        345:        255:       255
Costm ins
Clip ins eq:         66:        255:        66
Clip ins high:        346:        255:       255
Costm ins
Clip ins eq:         36:        255:        36
Clip ins high:        347:        255:       255
Costm ins
Clip ins eq:        128:        255:       128
Clip ins high:        348:        255:       255
Costm ins
Clip ins eq:         98:        255:        98
Clip ins high:        349:        255:       255
Costm ins
Clip ins eq:        106:        255:       106
Clip ins high:        350:        255:       255
Costm ins
Clip ins eq:         23:        255:        23
Clip ins high:        353:        255:       255
Costm ins
Clip ins eq:         24:        255:        24
Clip ins high:        354:        255:       255
Costm ins
Clip ins eq:         23:        255:        23
Clip ins high:        355:        255:       255
Costm ins
Clip ins eq:         23:        255:        23
Clip ins high:        356:        255:       255
Costm ins
Clip ins eq:         22:        255:        22
Clip ins high:        357:        255:       255
Costm ins
Clip ins eq:         23:        255:        23
Clip ins high:        358:        255:       255
Costm ins
Clip ins eq:         22:        255:        22
Clip ins high:        359:        255:       255
Costm ins
Clip ins eq:         23:        255:        23
Clip ins high:        360:        255:       255
Costm ins
Clip ins eq:         22:        255:        22
Clip ins high:        361:        255:       255
Costm ins
Clip ins eq:         23:        255:        23
Clip ins high:        362:        255:       255
Costm ins
Clip ins eq:         22:        255:        22
Clip ins high:        363:        255:       255
Costm ins
Clip ins eq:         25:        255:        25
Clip ins high:        364:        255:       255
Costm ins
Clip ins eq:         23:        255:        23
Clip ins high:        365:        255:       255
Costm ins
Clip ins eq:         24:        255:        24
Clip ins high:        366:        255:       255
Costm ins
Clip ins eq:         23:        255:        23
Clip ins high:        367:        255:       255
Costm ins
Clip ins eq:         24:        255:        24
Clip ins high:        368:        255:       255
Costm ins
Clip ins eq:         23:        255:        23
Clip ins high:        369:        255:       255
Costm ins
Clip ins eq:         24:        255:        24
Clip ins high:        370:        255:       255
Costm ins
Clip ins eq:          5:        255:         5
Clip ins high:        371:        255:       255
Costm ins
Clip ins eq:         73:        255:        73
Clip ins high:        372:        255:       255
Costm ins
Clip ins eq:         53:        255:        53
Clip ins high:        373:        255:       255
Costm ins
Clip ins eq:         57:        255:        57
Clip ins high:        374:        255:       255
Costm ins
Clip ins eq:         47:        255:        47
Clip ins high:        375:        255:       255
Costm ins
Clip ins eq:         68:        255:        68
Clip ins high:        376:        255:       255
Costm ins
Clip ins eq:         59:        255:        59
Clip ins high:        377:        255:       255
Costm ins
Clip ins eq:         64:        255:        64
Clip ins high:        378:        255:       255
Costm ins
Clip ins eq:         33:        255:        33
Clip ins high:        379:        255:       255
Costm ins
Clip ins eq:        128:        255:       128
Clip ins high:        380:        255:       255
Costm ins
Clip ins eq:        100:        255:       100
Clip ins high:        381:        255:       255
Costm ins
Clip ins eq:        108:        255:       108
Clip ins high:        382:        255:       255
Costm ins
Clip ins eq:         22:        255:        22
Clip ins high:        385:        255:       255
Costm ins
Clip ins eq:         23:        255:        23
Clip ins high:        386:        255:       255
Costm ins
Clip ins eq:         22:        255:        22
Clip ins high:        387:        255:       255
Costm ins
Clip ins eq:         23:        255:        23
Clip ins high:        388:        255:       255
Costm ins
Clip ins eq:         22:        255:        22
Clip ins high:        389:        255:       255
Costm ins
Clip ins eq:         23:        255:        23
Clip ins high:        390:        255:       255
Costm ins
Clip ins eq:         22:        255:        22
Clip ins high:        391:        255:       255
Costm ins
Clip ins eq:         23:        255:        23
Clip ins high:        392:        255:       255
Costm ins
Clip ins eq:         22:        255:        22
Clip ins high:        393:        255:       255
Costm ins
Clip ins eq:         23:        255:        23
Clip ins high:        394:        255:       255
Costm ins
Clip ins eq:         22:        255:        22
Clip ins high:        395:        255:       255
Costm ins
Clip ins eq:         25:        255:        25
Clip ins high:        396:        255:       255
Costm ins
Clip ins eq:         23:        255:        23
Clip ins high:        397:        255:       255
Costm ins
Clip ins eq:         24:        255:        24
Clip ins high:        398:        255:       255
Costm ins
Clip ins eq:         24:        255:        24
Clip ins high:        399:        255:       255
Costm ins
Clip ins eq:         23:        255:        23
Clip ins high:        400:        255:       255
Costm ins
Clip ins eq:         22:        255:        22
Clip ins high:        401:        255:       255
Costm ins
Clip ins eq:         23:        255:        23
Clip ins high:        402:        255:       255
Costm ins
Clip ins eq:          2:        255:         2
Clip ins high:        403:        255:       255
Costm ins
Clip ins eq:         70:        255:        70
Clip ins high:        404:        255:       255
Costm ins
Clip ins eq:         50:        255:        50
Clip ins high:        405:        255:       255
Costm ins
Clip ins eq:         54:        255:        54
Clip ins high:        406:        255:       255
Costm ins
Clip ins eq:         47:        255:        47
Clip ins high:        407:        255:       255
Costm ins
Clip ins eq:         68:        255:        68
Clip ins high:        408:        255:       255
Costm ins
Clip ins eq:         59:        255:        59
Clip ins high:        409:        255:       255
Costm ins
Clip ins eq:         64:        255:        64
Clip ins high:        410:        255:       255
Costm ins
Clip ins eq:         32:        255:        32
Clip ins high:        411:        255:       255
Costm ins
Clip ins eq:        130:        255:       130
Clip ins high:        412:        255:       255
Costm ins
Clip ins eq:        100:        255:       100
Clip ins high:        413:        255:       255
Costm ins
Clip ins eq:        108:        255:       108
Clip ins high:        414:        255:       255
Costm ins
Clip ins eq:         22:        255:        22
Clip ins high:        417:        255:       255
Costm ins
Clip ins eq:         23:        255:        23
Clip ins high:        418:        255:       255
Costm ins
Clip ins eq:         22:        255:        22
Clip ins high:        419:        255:       255
Costm ins
Clip ins eq:         23:        255:        23
Clip ins high:        420:        255:       255
Costm ins
Clip ins eq:         22:        255:        22
Clip ins high:        421:        255:       255
Costm ins
Clip ins eq:         23:        255:        23
Clip ins high:        422:        255:       255
Costm ins
Clip ins eq:         23:        255:        23
Clip ins high:        423:        255:       255
Costm ins
Clip ins eq:         23:        255:        23
Clip ins high:        424:        255:       255
Costm ins
Clip ins eq:         22:        255:        22
Clip ins high:        425:        255:       255
Costm ins
Clip ins eq:         23:        255:        23
Clip ins high:        426:        255:       255
Costm ins
Clip ins eq:         21:        255:        21
Clip ins high:        427:        255:       255
Costm ins
Clip ins eq:         24:        255:        24
Clip ins high:        428:        255:       255
Costm ins
Clip ins eq:         23:        255:        23
Clip ins high:        429:        255:       255
Costm ins
Clip ins eq:         24:        255:        24
Clip ins high:        430:        255:       255
Costm ins
Clip ins eq:         23:        255:        23
Clip ins high:        431:        255:       255
Costm ins
Clip ins eq:         23:        255:        23
Clip ins high:        432:        255:       255
Costm ins
Clip ins eq:         22:        255:        22
Clip ins high:        433:        255:       255
Costm ins
Clip ins eq:         23:        255:        23
Clip ins high:        434:        255:       255
Costm ins
Clip ins eq:          4:        255:         4
Clip ins high:        435:        255:       255
Costm ins
Clip ins eq:         74:        255:        74
Clip ins high:        436:        255:       255
Costm ins
Clip ins eq:         54:        255:        54
Clip ins high:        437:        255:       255
Costm ins
Clip ins eq:         58:        255:        58
Clip ins high:        438:        255:       255
Costm ins
Clip ins eq:         47:        255:        47
Clip ins high:        439:        255:       255
Costm ins
Clip ins eq:         68:        255:        68
Clip ins high:        440:        255:       255
Costm ins
Clip ins eq:         59:        255:        59
Clip ins high:        441:        255:       255
Costm ins
Clip ins eq:         64:        255:        64
Clip ins high:        442:        255:       255
Costm ins
Clip ins eq:         34:        255:        34
Clip ins high:        443:        255:       255
Costm ins
Clip ins eq:        133:        255:       133
Clip ins high:        444:        255:       255
Costm ins
Clip ins eq:        102:        255:       102
Clip ins high:        445:        255:       255
Costm ins
Clip ins eq:        110:        255:       110
Clip ins high:        446:        255:       255
Costm ins
Clip ins eq:         22:        255:        22
Clip ins high:        449:        255:       255
Costm ins
Clip ins eq:         23:        255:        23
Clip ins high:        450:        255:       255
Costm ins
Clip ins eq:         22:        255:        22
Clip ins high:        451:        255:       255
Costm ins
Clip ins eq:         23:        255:        23
Clip ins high:        452:        255:       255
Costm ins
Clip ins eq:         22:        255:        22
Clip ins high:        453:        255:       255
Costm ins
Clip ins eq:         23:        255:        23
Clip ins high:        454:        255:       255
Costm ins
Clip ins eq:         22:        255:        22
Clip ins high:        455:        255:       255
Costm ins
Clip ins eq:         22:        255:        22
Clip ins high:        456:        255:       255
Costm ins
Clip ins eq:         21:        255:        21
Clip ins high:        457:        255:       255
Costm ins
Clip ins eq:         22:        255:        22
Clip ins high:        458:        255:       255
Costm ins
Clip ins eq:         20:        255:        20
Clip ins high:        459:        255:       255
Costm ins
Clip ins eq:         25:        255:        25
Clip ins high:        460:        255:       255
Costm ins
Clip ins eq:         23:        255:        23
Clip ins high:        461:        255:       255
Costm ins
Clip ins eq:         24:        255:        24
Clip ins high:        462:        255:       255
Costm ins
Clip ins eq:         23:        255:        23
Clip ins high:        463:        255:       255
Costm ins
Clip ins eq:         23:        255:        23
Clip ins high:        464:        255:       255
Costm ins
Clip ins eq:         22:        255:        22
Clip ins high:        465:        255:       255
Costm ins
Clip ins eq:         23:        255:        23
Clip ins high:        466:        255:       255
Costm ins
Clip ins eq:          3:        255:         3
Clip ins high:        467:        255:       255
Costm ins
Clip ins eq:         71:        255:        71
Clip ins high:        468:        255:       255
Costm ins
Clip ins eq:         50:        255:        50
Clip ins high:        469:        255:       255
Costm ins
Clip ins eq:         54:        255:        54
Clip ins high:        470:        255:       255
Costm ins
Clip ins eq:         46:        255:        46
Clip ins high:        471:        255:       255
Costm ins
Clip ins eq:         71:        255:        71
Clip ins high:        472:        255:       255
Costm ins
Clip ins eq:         62:        255:        62
Clip ins high:        473:        255:       255
Costm ins
Clip ins eq:         67:        255:        67
Clip ins high:        474:        255:       255
Costm ins
Clip ins eq:         36:        255:        36
Clip ins high:        475:        255:       255
Costm ins
Clip ins eq:        132:        255:       132
Clip ins high:        476:        255:       255
Costm ins
Clip ins eq:        101:        255:       101
Clip ins high:        477:        255:       255
Costm ins
Clip ins eq:        109:        255:       109
Clip ins high:        478:        255:       255
Costm ins
Clip ins eq:         22:        255:        22
Clip ins high:        481:        255:       255
Costm ins
Clip ins eq:         23:        255:        23
Clip ins high:        482:        255:       255
Costm ins
Clip ins eq:         23:        255:        23
Clip ins high:        483:        255:       255
Costm ins
Clip ins eq:         23:        255:        23
Clip ins high:        484:        255:       255
Costm ins
Clip ins eq:         22:        255:        22
Clip ins high:        485:        255:       255
Costm ins
Clip ins eq:         23:        255:        23
Clip ins high:        486:        255:       255
Costm ins
Clip ins eq:         22:        255:        22
Clip ins high:        487:        255:       255
Costm ins
Clip ins eq:         23:        255:        23
Clip ins high:        488:        255:       255
Costm ins
Clip ins eq:         22:        255:        22
Clip ins high:        489:        255:       255
Costm ins
Clip ins eq:         23:        255:        23
Clip ins high:        490:        255:       255
Costm ins
Clip ins eq:         22:        255:        22
Clip ins high:        491:        255:       255
Costm ins
Clip ins eq:         25:        255:        25
Clip ins high:        492:        255:       255
Costm ins
Clip ins eq:         23:        255:        23
Clip ins high:        493:        255:       255
Costm ins
Clip ins eq:         24:        255:        24
Clip ins high:        494:        255:       255
Costm ins
Clip ins eq:         23:        255:        23
Clip ins high:        495:        255:       255
Costm ins
Clip ins eq:         23:        255:        23
Clip ins high:        496:        255:       255
Costm ins
Clip ins eq:         22:        255:        22
Clip ins high:        497:        255:       255
Costm ins
Clip ins eq:         23:        255:        23
Clip ins high:        498:        255:       255
Costm ins
Clip ins eq:          4:        255:         4
Clip ins high:        499:        255:       255
Costm ins
Clip ins eq:         73:        255:        73
Clip ins high:        500:        255:       255
Costm ins
Clip ins eq:         53:        255:        53
Clip ins high:        501:        255:       255
Costm ins
Clip ins eq:         57:        255:        57
Clip ins high:        502:        255:       255
Costm ins
Clip ins eq:         47:        255:        47
Clip ins high:        503:        255:       255
Costm ins
Clip ins eq:         68:        255:        68
Clip ins high:        504:        255:       255
Costm ins
Clip ins eq:         58:        255:        58
Clip ins high:        505:        255:       255
Costm ins
Clip ins eq:         63:        255:        63
Clip ins high:        506:        255:       255
Costm ins
Clip ins eq:         32:        255:        32
Clip ins high:        507:        255:       255
Costm ins
Clip ins eq:        130:        255:       130
Clip ins high:        508:        255:       255
Costm ins
Clip ins eq:        101:        255:       101
Clip ins high:        509:        255:       255
Costm ins
Clip ins eq:        109:        255:       109
Clip ins high:        510:        255:       255
Costm ins
Clip ins eq:         22:        255:        22
Clip ins high:        513:        255:       255
Costm ins
Clip ins eq:         23:        255:        23
Clip ins high:        514:        255:       255
Costm ins
Clip ins eq:         22:        255:        22
Clip ins high:        515:        255:       255
Costm ins
Clip ins eq:         22:        255:        22
Clip ins high:        516:        255:       255
Costm ins
Clip ins eq:         21:        255:        21
Clip ins high:        517:        255:       255
Costm ins
Clip ins eq:         22:        255:        22
Clip ins high:        518:        255:       255
Costm ins
Clip ins eq:         21:        255:        21
Clip ins high:        519:        255:       255
Costm ins
Clip ins eq:         23:        255:        23
Clip ins high:        520:        255:       255
Costm ins
Clip ins eq:         22:        255:        22
Clip ins high:        521:        255:       255
Costm ins
Clip ins eq:         23:        255:        23
Clip ins high:        522:        255:       255
Costm ins
Clip ins eq:         22:        255:        22
Clip ins high:        523:        255:       255
Costm ins
Clip ins eq:         25:        255:        25
Clip ins high:        524:        255:       255
Costm ins
Clip ins eq:         23:        255:        23
Clip ins high:        525:        255:       255
Costm ins
Clip ins eq:         24:        255:        24
Clip ins high:        526:        255:       255
Costm ins
Clip ins eq:         23:        255:        23
Clip ins high:        527:        255:       255
Costm ins
Clip ins eq:         23:        255:        23
Clip ins high:        528:        255:       255
Costm ins
Clip ins eq:         22:        255:        22
Clip ins high:        529:        255:       255
Costm ins
Clip ins eq:         23:        255:        23
Clip ins high:        530:        255:       255
Costm ins
Clip ins eq:          3:        255:         3
Clip ins high:        531:        255:       255
Costm ins
Clip ins eq:         70:        255:        70
Clip ins high:        532:        255:       255
Costm ins
Clip ins eq:         50:        255:        50
Clip ins high:        533:        255:       255
Costm ins
Clip ins eq:         53:        255:        53
Clip ins high:        534:        255:       255
Costm ins
Clip ins eq:         43:        255:        43
Clip ins high:        535:        255:       255
Costm ins
Clip ins eq:         67:        255:        67
Clip ins high:        536:        255:       255
Costm ins
Clip ins eq:         59:        255:        59
Clip ins high:        537:        255:       255
Costm ins
Clip ins eq:         64:        255:        64
Clip ins high:        538:        255:       255
Costm ins
Clip ins eq:         35:        255:        35
Clip ins high:        539:        255:       255
Costm ins
Clip ins eq:        132:        255:       132
Clip ins high:        540:        255:       255
Costm ins
Clip ins eq:        100:        255:       100
Clip ins high:        541:        255:       255
Costm ins
Clip ins eq:        108:        255:       108
Clip ins high:        542:        255:       255
Costm ins
Clip ins eq:         22:        255:        22
Clip ins high:        545:        255:       255
Costm ins
Clip ins eq:         23:        255:        23
Clip ins high:        546:        255:       255
Costm ins
Clip ins eq:         22:        255:        22
Clip ins high:        547:        255:       255
Costm ins
Clip ins eq:         23:        255:        23
Clip ins high:        548:        255:       255
Costm ins
Clip ins eq:         22:        255:        22
Clip ins high:        549:        255:       255
Costm ins
Clip ins eq:         23:        255:        23
Clip ins high:        550:        255:       255
Costm ins
Clip ins eq:         22:        255:        22
Clip ins high:        551:        255:       255
Costm ins
Clip ins eq:         24:        255:        24
Clip ins high:        552:        255:       255
Costm ins
Clip ins eq:         22:        255:        22
Clip ins high:        553:        255:       255
Costm ins
Clip ins eq:         23:        255:        23
Clip ins high:        554:        255:       255
Costm ins
Clip ins eq:         22:        255:        22
Clip ins high:        555:        255:       255
Costm ins
Clip ins eq:         25:        255:        25
Clip ins high:        556:        255:       255
Costm ins
Clip ins eq:         23:        255:        23
Clip ins high:        557:        255:       255
Costm ins
Clip ins eq:         24:        255:        24
Clip ins high:        558:        255:       255
Costm ins
Clip ins eq:         23:        255:        23
Clip ins high:        559:        255:       255
Costm ins
Clip ins eq:         23:        255:        23
Clip ins high:        560:        255:       255
Costm ins
Clip ins eq:         22:        255:        22
Clip ins high:        561:        255:       255
Costm ins
Clip ins eq:         23:        255:        23
Clip ins high:        562:        255:       255
Costm ins
Clip ins eq:          3:        255:         3
Clip ins high:        563:        255:       255
Costm ins
Clip ins eq:         72:        255:        72
Clip ins high:        564:        255:       255
Costm ins
Clip ins eq:         53:        255:        53
Clip ins high:        565:        255:       255
Costm ins
Clip ins eq:         57:        255:        57
Clip ins high:        566:        255:       255
Costm ins
Clip ins eq:         47:        255:        47
Clip ins high:        567:        255:       255
Costm ins
Clip ins eq:         72:        255:        72
Clip ins high:        568:        255:       255
Costm ins
Clip ins eq:         62:        255:        62
Clip ins high:        569:        255:       255
Costm ins
Clip ins eq:         67:        255:        67
Clip ins high:        570:        255:       255
Costm ins
Clip ins eq:         37:        255:        37
Clip ins high:        571:        255:       255
Costm ins
Clip ins eq:        130:        255:       130
Clip ins high:        572:        255:       255
Costm ins
Clip ins eq:        100:        255:       100
Clip ins high:        573:        255:       255
Costm ins
Clip ins eq:        108:        255:       108
Clip ins high:        574:        255:       255
Costm ins
Clip ins eq:         22:        255:        22
Clip ins high:        577:        255:       255
Costm ins
Clip ins eq:         23:        255:        23
Clip ins high:        578:        255:       255
Costm ins
Clip ins eq:         23:        255:        23
Clip ins high:        579:        255:       255
Costm ins
Clip ins eq:         24:        255:        24
Clip ins high:        580:        255:       255
Costm ins
Clip ins eq:         22:        255:        22
Clip ins high:        581:        255:       255
Costm ins
Clip ins eq:         23:        255:        23
Clip ins high:        582:        255:       255
Costm ins
Clip ins eq:         22:        255:        22
Clip ins high:        583:        255:       255
Costm ins
Clip ins eq:         23:        255:        23
Clip ins high:        584:        255:       255
Costm ins
Clip ins eq:         22:        255:        22
Clip ins high:        585:        255:       255
Costm ins
Clip ins eq:         23:        255:        23
Clip ins high:        586:        255:       255
Costm ins
Clip ins eq:         22:        255:        22
Clip ins high:        587:        255:       255
Costm ins
Clip ins eq:         25:        255:        25
Clip ins high:        588:        255:       255
Costm ins
Clip ins eq:         23:        255:        23
Clip ins high:        589:        255:       255
Costm ins
Clip ins eq:         24:        255:        24
Clip ins high:        590:        255:       255
Costm ins
Clip ins eq:         22:        255:        22
Clip ins high:        591:        255:       255
Costm ins
Clip ins eq:         22:        255:        22
Clip ins high:        592:        255:       255
Costm ins
Clip ins eq:         22:        255:        22
Clip ins high:        593:        255:       255
Costm ins
Clip ins eq:         23:        255:        23
Clip ins high:        594:        255:       255
Costm ins
Clip ins eq:          5:        255:         5
Clip ins high:        595:        255:       255
Costm ins
Clip ins eq:         73:        255:        73
Clip ins high:        596:        255:       255
Costm ins
Clip ins eq:         52:        255:        52
Clip ins high:        597:        255:       255
Costm ins
Clip ins eq:         56:        255:        56
Clip ins high:        598:        255:       255
Costm ins
Clip ins eq:         45:        255:        45
Clip ins high:        599:        255:       255
Costm ins
Clip ins eq:         69:        255:        69
Clip ins high:        600:        255:       255
Costm ins
Clip ins eq:         60:        255:        60
Clip ins high:        601:        255:       255
Costm ins
Clip ins eq:         65:        255:        65
Clip ins high:        602:        255:       255
Costm ins
Clip ins eq:         33:        255:        33
Clip ins high:        603:        255:       255
Costm ins
Clip ins eq:        129:        255:       129
Clip ins high:        604:        255:       255
Costm ins
Clip ins eq:        101:        255:       101
Clip ins high:        605:        255:       255
Costm ins
Clip ins eq:        109:        255:       109
Clip ins high:        606:        255:       255
Costm ins
Clip ins eq:         23:        255:        23
Clip ins high:        609:        255:       255
Costm ins
Clip ins eq:         24:        255:        24
Clip ins high:        610:        255:       255
Costm ins
Clip ins eq:         23:        255:        23
Clip ins high:        611:        255:       255
Costm ins
Clip ins eq:         22:        255:        22
Clip ins high:        612:        255:       255
Costm ins
Clip ins eq:         21:        255:        21
Clip ins high:        613:        255:       255
Costm ins
Clip ins eq:         22:        255:        22
Clip ins high:        614:        255:       255
Costm ins
Clip ins eq:         21:        255:        21
Clip ins high:        615:        255:       255
Costm ins
Clip ins eq:         23:        255:        23
Clip ins high:        616:        255:       255
Costm ins
Clip ins eq:         22:        255:        22
Clip ins high:        617:        255:       255
Costm ins
Clip ins eq:         23:        255:        23
Clip ins high:        618:        255:       255
Costm ins
Clip ins eq:         22:        255:        22
Clip ins high:        619:        255:       255
Costm ins
Clip ins eq:         24:        255:        24
Clip ins high:        620:        255:       255
Costm ins
Clip ins eq:         22:        255:        22
Clip ins high:        621:        255:       255
Costm ins
Clip ins eq:         23:        255:        23
Clip ins high:        622:        255:       255
Costm ins
Clip ins eq:         22:        255:        22
Clip ins high:        623:        255:       255
Costm ins
Clip ins eq:         24:        255:        24
Clip ins high:        624:        255:       255
Costm ins
Clip ins eq:         23:        255:        23
Clip ins high:        625:        255:       255
Costm ins
Clip ins eq:         24:        255:        24
Clip ins high:        626:        255:       255
Costm ins
Clip ins eq:          7:        255:         7
Clip ins high:        627:        255:       255
Costm ins
Clip ins eq:         70:        255:        70
Clip ins high:        628:        255:       255
Costm ins
Clip ins eq:         50:        255:        50
Clip ins high:        629:        255:       255
Costm ins
Clip ins eq:         54:        255:        54
Clip ins high:        630:        255:       255
Costm ins
Clip ins eq:         42:        255:        42
Clip ins high:        631:        255:       255
Costm ins
Clip ins eq:         70:        255:        70
Clip ins high:        632:        255:       255
Costm ins
Clip ins eq:         61:        255:        61
Clip ins high:        633:        255:       255
Costm ins
Clip ins eq:         66:        255:        66
Clip ins high:        634:        255:       255
Costm ins
Clip ins eq:         39:        255:        39
Clip ins high:        635:        255:       255
Costm ins
Clip ins eq:        135:        255:       135
Clip ins high:        636:        255:       255
Costm ins
Clip ins eq:        104:        255:       104
Clip ins high:        637:        255:       255
Costm ins
Clip ins eq:        113:        255:       113
Clip ins high:        638:        255:       255
Costm ins
Clip ins eq:         22:        255:        22
Clip ins high:        641:        255:       255
Costm ins
Clip ins eq:         23:        255:        23
Clip ins high:        642:        255:       255
Costm ins
Clip ins eq:         22:        255:        22
Clip ins high:        643:        255:       255
Costm ins
Clip ins eq:         22:        255:        22
Clip ins high:        644:        255:       255
Costm ins
Clip ins eq:         22:        255:        22
Clip ins high:        645:        255:       255
Costm ins
Clip ins eq:         23:        255:        23
Clip ins high:        646:        255:       255
Costm ins
Clip ins eq:         22:        255:        22
Clip ins high:        647:        255:       255
Costm ins
Clip ins eq:         24:        255:        24
Clip ins high:        648:        255:       255
Costm ins
Clip ins eq:         22:        255:        22
Clip ins high:        649:        255:       255
Costm ins
Clip ins eq:         23:        255:        23
Clip ins high:        650:        255:       255
Costm ins
Clip ins eq:         21:        255:        21
Clip ins high:        651:        255:       255
Costm ins
Clip ins eq:         24:        255:        24
Clip ins high:        652:        255:       255
Costm ins
Clip ins eq:         23:        255:        23
Clip ins high:        653:        255:       255
Costm ins
Clip ins eq:         24:        255:        24
Clip ins high:        654:        255:       255
Costm ins
Clip ins eq:         24:        255:        24
Clip ins high:        655:        255:       255
Costm ins
Clip ins eq:         24:        255:        24
Clip ins high:        656:        255:       255
Costm ins
Clip ins eq:         22:        255:        22
Clip ins high:        657:        255:       255
Costm ins
Clip ins eq:         23:        255:        23
Clip ins high:        658:        255:       255
Costm ins
Clip ins eq:          3:        255:         3
Clip ins high:        659:        255:       255
Costm ins
Clip ins eq:         66:        255:        66
Clip ins high:        660:        255:       255
Costm ins
Clip ins eq:         48:        255:        48
Clip ins high:        661:        255:       255
Costm ins
Clip ins eq:         52:        255:        52
Clip ins high:        662:        255:       255
Costm ins
Clip ins eq:         43:        255:        43
Clip ins high:        663:        255:       255
Costm ins
Clip ins eq:         72:        255:        72
Clip ins high:        664:        255:       255
Costm ins
Clip ins eq:         61:        255:        61
Clip ins high:        665:        255:       255
Costm ins
Clip ins eq:         66:        255:        66
Clip ins high:        666:        255:       255
Costm ins
Clip ins eq:         41:        255:        41
Clip ins high:        667:        255:       255
Costm ins
Clip ins eq:        127:        255:       127
Clip ins high:        668:        255:       255
Costm ins
Clip ins eq:         95:        255:        95
Clip ins high:        669:        255:       255
Costm ins
Clip ins eq:        104:        255:       104
Clip ins high:        670:        255:       255
Costm ins
Clip ins eq:         22:        255:        22
Clip ins high:        673:        255:       255
Costm ins
Clip ins eq:         23:        255:        23
Clip ins high:        674:        255:       255
Costm ins
Clip ins eq:         23:        255:        23
Clip ins high:        675:        255:       255
Costm ins
Clip ins eq:         23:        255:        23
Clip ins high:        676:        255:       255
Costm ins
Clip ins eq:         22:        255:        22
Clip ins high:        677:        255:       255
Costm ins
Clip ins eq:         23:        255:        23
Clip ins high:        678:        255:       255
Costm ins
Clip ins eq:         22:        255:        22
Clip ins high:        679:        255:       255
Costm ins
Clip ins eq:         23:        255:        23
Clip ins high:        680:        255:       255
Costm ins
Clip ins eq:         22:        255:        22
Clip ins high:        681:        255:       255
Costm ins
Clip ins eq:         23:        255:        23
Clip ins high:        682:        255:       255
Costm ins
Clip ins eq:         22:        255:        22
Clip ins high:        683:        255:       255
Costm ins
Clip ins eq:         25:        255:        25
Clip ins high:        684:        255:       255
Costm ins
Clip ins eq:         23:        255:        23
Clip ins high:        685:        255:       255
Costm ins
Clip ins eq:         24:        255:        24
Clip ins high:        686:        255:       255
Costm ins
Clip ins eq:         23:        255:        23
Clip ins high:        687:        255:       255
Costm ins
Clip ins eq:         23:        255:        23
Clip ins high:        688:        255:       255
Costm ins
Clip ins eq:         22:        255:        22
Clip ins high:        689:        255:       255
Costm ins
Clip ins eq:         23:        255:        23
Clip ins high:        690:        255:       255
Costm ins
Clip ins eq:          4:        255:         4
Clip ins high:        691:        255:       255
Costm ins
Clip ins eq:         70:        255:        70
Clip ins high:        692:        255:       255
Costm ins
Clip ins eq:         52:        255:        52
Clip ins high:        693:        255:       255
Costm ins
Clip ins eq:         56:        255:        56
Clip ins high:        694:        255:       255
Costm ins
Clip ins eq:         46:        255:        46
Clip ins high:        695:        255:       255
Costm ins
Clip ins eq:         71:        255:        71
Clip ins high:        696:        255:       255
Costm ins
Clip ins eq:         59:        255:        59
Clip ins high:        697:        255:       255
Costm ins
Clip ins eq:         64:        255:        64
Clip ins high:        698:        255:       255
Costm ins
Clip ins eq:         41:        255:        41
Clip ins high:        699:        255:       255
Costm ins
Clip ins eq:        118:        255:       118
Clip ins high:        700:        255:       255
Costm ins
Clip ins eq:         91:        255:        91
Clip ins high:        701:        255:       255
Costm ins
Clip ins eq:         99:        255:        99
Clip ins high:        702:        255:       255
Costm ins
Clip ins eq:         22:        255:        22
Clip ins high:        705:        255:       255
Costm ins
Clip ins eq:         23:        255:        23
Clip ins high:        706:        255:       255
Costm ins
Clip ins eq:         22:        255:        22
Clip ins high:        707:        255:       255
Costm ins
Clip ins eq:         22:        255:        22
Clip ins high:        708:        255:       255
Costm ins
Clip ins eq:         21:        255:        21
Clip ins high:        709:        255:       255
Costm ins
Clip ins eq:         22:        255:        22
Clip ins high:        710:        255:       255
Costm ins
Clip ins eq:         21:        255:        21
Clip ins high:        711:        255:       255
Costm ins
Clip ins eq:         22:        255:        22
Clip ins high:        712:        255:       255
Costm ins
Clip ins eq:         21:        255:        21
Clip ins high:        713:        255:       255
Costm ins
Clip ins eq:         22:        255:        22
Clip ins high:        714:        255:       255
Costm ins
Clip ins eq:         21:        255:        21
Clip ins high:        715:        255:       255
Costm ins
Clip ins eq:         24:        255:        24
Clip ins high:        716:        255:       255
Costm ins
Clip ins eq:         22:        255:        22
Clip ins high:        717:        255:       255
Costm ins
Clip ins eq:         23:        255:        23
Clip ins high:        718:        255:       255
Costm ins
Clip ins eq:         23:        255:        23
Clip ins high:        719:        255:       255
Costm ins
Clip ins eq:         23:        255:        23
Clip ins high:        720:        255:       255
Costm ins
Clip ins eq:         22:        255:        22
Clip ins high:        721:        255:       255
Costm ins
Clip ins eq:         23:        255:        23
Clip ins high:        722:        255:       255
Costm ins
Clip ins eq:          3:        255:         3
Clip ins high:        723:        255:       255
Costm ins
Clip ins eq:         70:        255:        70
Clip ins high:        724:        255:       255
Costm ins
Clip ins eq:         50:        255:        50
Clip ins high:        725:        255:       255
Costm ins
Clip ins eq:         54:        255:        54
Clip ins high:        726:        255:       255
Costm ins
Clip ins eq:         44:        255:        44
Clip ins high:        727:        255:       255
Costm ins
Clip ins eq:         69:        255:        69
Clip ins high:        728:        255:       255
Costm ins
Clip ins eq:         60:        255:        60
Clip ins high:        729:        255:       255
Costm ins
Clip ins eq:         65:        255:        65
Clip ins high:        730:        255:       255
Costm ins
Clip ins eq:         43:        255:        43
Clip ins high:        731:        255:       255
Costm ins
Clip ins eq:        114:        255:       114
Clip ins high:        732:        255:       255
Costm ins
Clip ins eq:         89:        255:        89
Clip ins high:        733:        255:       255
Costm ins
Clip ins eq:         96:        255:        96
Clip ins high:        734:        255:       255
Costm ins
Clip ins eq:         22:        255:        22
Clip ins high:        737:        255:       255
Costm ins
Clip ins eq:         23:        255:        23
Clip ins high:        738:        255:       255
Costm ins
Clip ins eq:         22:        255:        22
Clip ins high:        739:        255:       255
Costm ins
Clip ins eq:         23:        255:        23
Clip ins high:        740:        255:       255
Costm ins
Clip ins eq:         22:        255:        22
Clip ins high:        741:        255:       255
Costm ins
Clip ins eq:         23:        255:        23
Clip ins high:        742:        255:       255
Costm ins
Clip ins eq:         22:        255:        22
Clip ins high:        743:        255:       255
Costm ins
Clip ins eq:         23:        255:        23
Clip ins high:        744:        255:       255
Costm ins
Clip ins eq:         22:        255:        22
Clip ins high:        745:        255:       255
Costm ins
Clip ins eq:         23:        255:        23
Clip ins high:        746:        255:       255
Costm ins
Clip ins eq:         22:        255:        22
Clip ins high:        747:        255:       255
Costm ins
Clip ins eq:         25:        255:        25
Clip ins high:        748:        255:       255
Costm ins
Clip ins eq:         23:        255:        23
Clip ins high:        749:        255:       255
Costm ins
Clip ins eq:         24:        255:        24
Clip ins high:        750:        255:       255
Costm ins
Clip ins eq:         23:        255:        23
Clip ins high:        751:        255:       255
Costm ins
Clip ins eq:         22:        255:        22
Clip ins high:        752:        255:       255
Costm ins
Clip ins eq:         21:        255:        21
Clip ins high:        753:        255:       255
Costm ins
Clip ins eq:         22:        255:        22
Clip ins high:        754:        255:       255
Costm ins
Clip ins eq:          4:        255:         4
Clip ins high:        755:        255:       255
Costm ins
Clip ins eq:         70:        255:        70
Clip ins high:        756:        255:       255
Costm ins
Clip ins eq:         51:        255:        51
Clip ins high:        757:        255:       255
Costm ins
Clip ins eq:         55:        255:        55
Clip ins high:        758:        255:       255
Costm ins
Clip ins eq:         42:        255:        42
Clip ins high:        759:        255:       255
Costm ins
Clip ins eq:         70:        255:        70
Clip ins high:        760:        255:       255
Costm ins
Clip ins eq:         60:        255:        60
Clip ins high:        761:        255:       255
Costm ins
Clip ins eq:         64:        255:        64
Clip ins high:        762:        255:       255
Costm ins
Clip ins eq:         45:        255:        45
Clip ins high:        763:        255:       255
Costm ins
Clip ins eq:        111:        255:       111
Clip ins high:        764:        255:       255
Costm ins
Clip ins eq:         87:        255:        87
Clip ins high:        765:        255:       255
Costm ins
Clip ins eq:         94:        255:        94
Clip ins high:        766:        255:       255
Costm ins
Clip ins eq:         23:        255:        23
Clip ins high:        769:        255:       255
Costm ins
Clip ins eq:         24:        255:        24
Clip ins high:        770:        255:       255
Costm ins
Clip ins eq:         23:        255:        23
Clip ins high:        771:        255:       255
Costm ins
Clip ins eq:         23:        255:        23
Clip ins high:        772:        255:       255
Costm ins
Clip ins eq:         22:        255:        22
Clip ins high:        773:        255:       255
Costm ins
Clip ins eq:         23:        255:        23
Clip ins high:        774:        255:       255
Costm ins
Clip ins eq:         22:        255:        22
Clip ins high:        775:        255:       255
Costm ins
Clip ins eq:         23:        255:        23
Clip ins high:        776:        255:       255
Costm ins
Clip ins eq:         22:        255:        22
Clip ins high:        777:        255:       255
Costm ins
Clip ins eq:         23:        255:        23
Clip ins high:        778:        255:       255
Costm ins
Clip ins eq:         22:        255:        22
Clip ins high:        779:        255:       255
Costm ins
Clip ins eq:         25:        255:        25
Clip ins high:        780:        255:       255
Costm ins
Clip ins eq:         23:        255:        23
Clip ins high:        781:        255:       255
Costm ins
Clip ins eq:         24:        255:        24
Clip ins high:        782:        255:       255
Costm ins
Clip ins eq:         23:        255:        23
Clip ins high:        783:        255:       255
Costm ins
Clip ins eq:         23:        255:        23
Clip ins high:        784:        255:       255
Costm ins
Clip ins eq:         23:        255:        23
Clip ins high:        785:        255:       255
Costm ins
Clip ins eq:         24:        255:        24
Clip ins high:        786:        255:       255
Costm ins
Clip ins eq:          6:        255:         6
Clip ins high:        787:        255:       255
Costm ins
Clip ins eq:         70:        255:        70
Clip ins high:        788:        255:       255
Costm ins
Clip ins eq:         50:        255:        50
Clip ins high:        789:        255:       255
Costm ins
Clip ins eq:         54:        255:        54
Clip ins high:        790:        255:       255
Costm ins
Clip ins eq:         43:        255:        43
Clip ins high:        791:        255:       255
Costm ins
Clip ins eq:         74:        255:        74
Clip ins high:        792:        255:       255
Costm ins
Clip ins eq:         64:        255:        64
Clip ins high:        793:        255:       255
Costm ins
Clip ins eq:         69:        255:        69
Clip ins high:        794:        255:       255
Costm ins
Clip ins eq:         44:        255:        44
Clip ins high:        795:        255:       255
Costm ins
Clip ins eq:        107:        255:       107
Clip ins high:        796:        255:       255
Costm ins
Clip ins eq:         86:        255:        86
Clip ins high:        797:        255:       255
Costm ins
Clip ins eq:         93:        255:        93
Clip ins high:        798:        255:       255
Costm ins
Clip ins eq:         22:        255:        22
Clip ins high:        801:        255:       255
Costm ins
Clip ins eq:         23:        255:        23
Clip ins high:        802:        255:       255
Costm ins
Clip ins eq:         21:        255:        21
Clip ins high:        803:        255:       255
Costm ins
Clip ins eq:         23:        255:        23
Clip ins high:        804:        255:       255
Costm ins
Clip ins eq:         22:        255:        22
Clip ins high:        805:        255:       255
Costm ins
Clip ins eq:         23:        255:        23
Clip ins high:        806:        255:       255
Costm ins
Clip ins eq:         23:        255:        23
Clip ins high:        807:        255:       255
Costm ins
Clip ins eq:         23:        255:        23
Clip ins high:        808:        255:       255
Costm ins
Clip ins eq:         22:        255:        22
Clip ins high:        809:        255:       255
Costm ins
Clip ins eq:         23:        255:        23
Clip ins high:        810:        255:       255
Costm ins
Clip ins eq:         22:        255:        22
Clip ins high:        811:        255:       255
Costm ins
Clip ins eq:         25:        255:        25
Clip ins high:        812:        255:       255
Costm ins
Clip ins eq:         23:        255:        23
Clip ins high:        813:        255:       255
Costm ins
Clip ins eq:         24:        255:        24
Clip ins high:        814:        255:       255
Costm ins
Clip ins eq:         24:        255:        24
Clip ins high:        815:        255:       255
Costm ins
Clip ins eq:         23:        255:        23
Clip ins high:        816:        255:       255
Costm ins
Clip ins eq:         22:        255:        22
Clip ins high:        817:        255:       255
Costm ins
Clip ins eq:         23:        255:        23
Clip ins high:        818:        255:       255
Costm ins
Clip ins eq:          4:        255:         4
Clip ins high:        819:        255:       255
Costm ins
Clip ins eq:         67:        255:        67
Clip ins high:        820:        255:       255
Costm ins
Clip ins eq:         49:        255:        49
Clip ins high:        821:        255:       255
Costm ins
Clip ins eq:         53:        255:        53
Clip ins high:        822:        255:       255
Costm ins
Clip ins eq:         43:        255:        43
Clip ins high:        823:        255:       255
Costm ins
Clip ins eq:         71:        255:        71
Clip ins high:        824:        255:       255
Costm ins
Clip ins eq:         59:        255:        59
Clip ins high:        825:        255:       255
Costm ins
Clip ins eq:         64:        255:        64
Clip ins high:        826:        255:       255
Costm ins
Clip ins eq:         36:        255:        36
Clip ins high:        827:        255:       255
Costm ins
Clip ins eq:        111:        255:       111
Clip ins high:        828:        255:       255
Costm ins
Clip ins eq:         92:        255:        92
Clip ins high:        829:        255:       255
Costm ins
Clip ins eq:         99:        255:        99
Clip ins high:        830:        255:       255
Costm ins
Clip ins eq:         22:        255:        22
Clip ins high:        833:        255:       255
Costm ins
Clip ins eq:         23:        255:        23
Clip ins high:        834:        255:       255
Costm ins
Clip ins eq:         22:        255:        22
Clip ins high:        835:        255:       255
Costm ins
Clip ins eq:         24:        255:        24
Clip ins high:        836:        255:       255
Costm ins
Clip ins eq:         23:        255:        23
Clip ins high:        837:        255:       255
Costm ins
Clip ins eq:         24:        255:        24
Clip ins high:        838:        255:       255
Costm ins
Clip ins eq:         24:        255:        24
Clip ins high:        839:        255:       255
Costm ins
Clip ins eq:         23:        255:        23
Clip ins high:        840:        255:       255
Costm ins
Clip ins eq:         22:        255:        22
Clip ins high:        841:        255:       255
Costm ins
Clip ins eq:         23:        255:        23
Clip ins high:        842:        255:       255
Costm ins
Clip ins eq:         21:        255:        21
Clip ins high:        843:        255:       255
Costm ins
Clip ins eq:         24:        255:        24
Clip ins high:        844:        255:       255
Costm ins
Clip ins eq:         23:        255:        23
Clip ins high:        845:        255:       255
Costm ins
Clip ins eq:         24:        255:        24
Clip ins high:        846:        255:       255
Costm ins
Clip ins eq:         23:        255:        23
Clip ins high:        847:        255:       255
Costm ins
Clip ins eq:         23:        255:        23
Clip ins high:        848:        255:       255
Costm ins
Clip ins eq:         22:        255:        22
Clip ins high:        849:        255:       255
Costm ins
Clip ins eq:         23:        255:        23
Clip ins high:        850:        255:       255
Costm ins
Clip ins eq:          5:        255:         5
Clip ins high:        851:        255:       255
Costm ins
Clip ins eq:         70:        255:        70
Clip ins high:        852:        255:       255
Costm ins
Clip ins eq:         51:        255:        51
Clip ins high:        853:        255:       255
Costm ins
Clip ins eq:         55:        255:        55
Clip ins high:        854:        255:       255
Costm ins
Clip ins eq:         44:        255:        44
Clip ins high:        855:        255:       255
Costm ins
Clip ins eq:         71:        255:        71
Clip ins high:        856:        255:       255
Costm ins
Clip ins eq:         61:        255:        61
Clip ins high:        857:        255:       255
Costm ins
Clip ins eq:         66:        255:        66
Clip ins high:        858:        255:       255
Costm ins
Clip ins eq:         37:        255:        37
Clip ins high:        859:        255:       255
Costm ins
Clip ins eq:        120:        255:       120
Clip ins high:        860:        255:       255
Costm ins
Clip ins eq:         95:        255:        95
Clip ins high:        861:        255:       255
Costm ins
Clip ins eq:        102:        255:       102
Clip ins high:        862:        255:       255
Costm ins
Clip ins eq:         23:        255:        23
Clip ins high:        865:        255:       255
Costm ins
Clip ins eq:         24:        255:        24
Clip ins high:        866:        255:       255
Costm ins
Clip ins eq:         23:        255:        23
Clip ins high:        867:        255:       255
Costm ins
Clip ins eq:         25:        255:        25
Clip ins high:        868:        255:       255
Costm ins
Clip ins eq:         23:        255:        23
Clip ins high:        869:        255:       255
Costm ins
Clip ins eq:         24:        255:        24
Clip ins high:        870:        255:       255
Costm ins
Clip ins eq:         23:        255:        23
Clip ins high:        871:        255:       255
Costm ins
Clip ins eq:         23:        255:        23
Clip ins high:        872:        255:       255
Costm ins
Clip ins eq:         22:        255:        22
Clip ins high:        873:        255:       255
Costm ins
Clip ins eq:         23:        255:        23
Clip ins high:        874:        255:       255
Costm ins
Clip ins eq:         21:        255:        21
Clip ins high:        875:        255:       255
Costm ins
Clip ins eq:         26:        255:        26
Clip ins high:        876:        255:       255
Costm ins
Clip ins eq:         24:        255:        24
Clip ins high:        877:        255:       255
Costm ins
Clip ins eq:         25:        255:        25
Clip ins high:        878:        255:       255
Costm ins
Clip ins eq:         24:        255:        24
Clip ins high:        879:        255:       255
Costm ins
Clip ins eq:         24:        255:        24
Clip ins high:        880:        255:       255
Costm ins
Clip ins eq:         23:        255:        23
Clip ins high:        881:        255:       255
Costm ins
Clip ins eq:         24:        255:        24
Clip ins high:        882:        255:       255
Costm ins
Clip ins eq:          7:        255:         7
Clip ins high:        883:        255:       255
Costm ins
Clip ins eq:         69:        255:        69
Clip ins high:        884:        255:       255
Costm ins
Clip ins eq:         49:        255:        49
Clip ins high:        885:        255:       255
Costm ins
Clip ins eq:         53:        255:        53
Clip ins high:        886:        255:       255
Costm ins
Clip ins eq:         40:        255:        40
Clip ins high:        887:        255:       255
Costm ins
Clip ins eq:         71:        255:        71
Clip ins high:        888:        255:       255
Costm ins
Clip ins eq:         61:        255:        61
Clip ins high:        889:        255:       255
Costm ins
Clip ins eq:         66:        255:        66
Clip ins high:        890:        255:       255
Costm ins
Clip ins eq:         37:        255:        37
Clip ins high:        891:        255:       255
Costm ins
Clip ins eq:        125:        255:       125
Clip ins high:        892:        255:       255
Costm ins
Clip ins eq:         99:        255:        99
Clip ins high:        893:        255:       255
Costm ins
Clip ins eq:        106:        255:       106
Clip ins high:        894:        255:       255
Costm ins
Clip ins eq:         22:        255:        22
Clip ins high:        897:        255:       255
Costm ins
Clip ins eq:         23:        255:        23
Clip ins high:        898:        255:       255
Costm ins
Clip ins eq:         22:        255:        22
Clip ins high:        899:        255:       255
Costm ins
Clip ins eq:         23:        255:        23
Clip ins high:        900:        255:       255
Costm ins
Clip ins eq:         22:        255:        22
Clip ins high:        901:        255:       255
Costm ins
Clip ins eq:         23:        255:        23
Clip ins high:        902:        255:       255
Costm ins
Clip ins eq:         22:        255:        22
Clip ins high:        903:        255:       255
Costm ins
Clip ins eq:         23:        255:        23
Clip ins high:        904:        255:       255
Costm ins
Clip ins eq:         22:        255:        22
Clip ins high:        905:        255:       255
Costm ins
Clip ins eq:         23:        255:        23
Clip ins high:        906:        255:       255
Costm ins
Clip ins eq:         22:        255:        22
Clip ins high:        907:        255:       255
Costm ins
Clip ins eq:         25:        255:        25
Clip ins high:        908:        255:       255
Costm ins
Clip ins eq:         23:        255:        23
Clip ins high:        909:        255:       255
Costm ins
Clip ins eq:         24:        255:        24
Clip ins high:        910:        255:       255
Costm ins
Clip ins eq:         23:        255:        23
Clip ins high:        911:        255:       255
Costm ins
Clip ins eq:         23:        255:        23
Clip ins high:        912:        255:       255
Costm ins
Clip ins eq:         22:        255:        22
Clip ins high:        913:        255:       255
Costm ins
Clip ins eq:         23:        255:        23
Clip ins high:        914:        255:       255
Costm ins
Clip ins eq:          7:        255:         7
Clip ins high:        915:        255:       255
Costm ins
Clip ins eq:         65:        255:        65
Clip ins high:        916:        255:       255
Costm ins
Clip ins eq:         47:        255:        47
Clip ins high:        917:        255:       255
Costm ins
Clip ins eq:         51:        255:        51
Clip ins high:        918:        255:       255
Costm ins
Clip ins eq:         38:        255:        38
Clip ins high:        919:        255:       255
Costm ins
Clip ins eq:         72:        255:        72
Clip ins high:        920:        255:       255
Costm ins
Clip ins eq:         61:        255:        61
Clip ins high:        921:        255:       255
Costm ins
Clip ins eq:         66:        255:        66
Clip ins high:        922:        255:       255
Costm ins
Clip ins eq:         36:        255:        36
Clip ins high:        923:        255:       255
Costm ins
Clip ins eq:        126:        255:       126
Clip ins high:        924:        255:       255
Costm ins
Clip ins eq:         98:        255:        98
Clip ins high:        925:        255:       255
Costm ins
Clip ins eq:        106:        255:       106
Clip ins high:        926:        255:       255
Costm ins
Clip ins eq:         23:        255:        23
Clip ins high:        929:        255:       255
Costm ins
Clip ins eq:         24:        255:        24
Clip ins high:        930:        255:       255
Costm ins
Clip ins eq:         23:        255:        23
Clip ins high:        931:        255:       255
Costm ins
Clip ins eq:         23:        255:        23
Clip ins high:        932:        255:       255
Costm ins
Clip ins eq:         22:        255:        22
Clip ins high:        933:        255:       255
Costm ins
Clip ins eq:         23:        255:        23
Clip ins high:        934:        255:       255
Costm ins
Clip ins eq:         23:        255:        23
Clip ins high:        935:        255:       255
Costm ins
Clip ins eq:         23:        255:        23
Clip ins high:        936:        255:       255
Costm ins
Clip ins eq:         22:        255:        22
Clip ins high:        937:        255:       255
Costm ins
Clip ins eq:         23:        255:        23
Clip ins high:        938:        255:       255
Costm ins
Clip ins eq:         21:        255:        21
Clip ins high:        939:        255:       255
Costm ins
Clip ins eq:         24:        255:        24
Clip ins high:        940:        255:       255
Costm ins
Clip ins eq:         23:        255:        23
Clip ins high:        941:        255:       255
Costm ins
Clip ins eq:         24:        255:        24
Clip ins high:        942:        255:       255
Costm ins
Clip ins eq:         23:        255:        23
Clip ins high:        943:        255:       255
Costm ins
Clip ins eq:         24:        255:        24
Clip ins high:        944:        255:       255
Costm ins
Clip ins eq:         23:        255:        23
Clip ins high:        945:        255:       255
Costm ins
Clip ins eq:         24:        255:        24
Clip ins high:        946:        255:       255
Costm ins
Clip ins eq:          6:        255:         6
Clip ins high:        947:        255:       255
Costm ins
Clip ins eq:         63:        255:        63
Clip ins high:        948:        255:       255
Costm ins
Clip ins eq:         46:        255:        46
Clip ins high:        949:        255:       255
Costm ins
Clip ins eq:         50:        255:        50
Clip ins high:        950:        255:       255
Costm ins
Clip ins eq:         38:        255:        38
Clip ins high:        951:        255:       255
Costm ins
Clip ins eq:         74:        255:        74
Clip ins high:        952:        255:       255
Costm ins
Clip ins eq:         62:        255:        62
Clip ins high:        953:        255:       255
Costm ins
Clip ins eq:         67:        255:        67
Clip ins high:        954:        255:       255
Costm ins
Clip ins eq:         34:        255:        34
Clip ins high:        955:        255:       255
Costm ins
Clip ins eq:        130:        255:       130
Clip ins high:        956:        255:       255
Costm ins
Clip ins eq:        102:        255:       102
Clip ins high:        957:        255:       255
Costm ins
Clip ins eq:        110:        255:       110
Clip ins high:        958:        255:       255
Costm ins
Clip ins eq:         22:        255:        22
Clip ins high:        961:        255:       255
Costm ins
Clip ins eq:         23:        255:        23
Clip ins high:        962:        255:       255
Costm ins
Clip ins eq:         21:        255:        21
Clip ins high:        963:        255:       255
Costm ins
Clip ins eq:         23:        255:        23
Clip ins high:        964:        255:       255
Costm ins
Clip ins eq:         22:        255:        22
Clip ins high:        965:        255:       255
Costm ins
Clip ins eq:         23:        255:        23
Clip ins high:        966:        255:       255
Costm ins
Clip ins eq:         23:        255:        23
Clip ins high:        967:        255:       255
Costm ins
Clip ins eq:         22:        255:        22
Clip ins high:        968:        255:       255
Costm ins
Clip ins eq:         21:        255:        21
Clip ins high:        969:        255:       255
Costm ins
Clip ins eq:         22:        255:        22
Clip ins high:        970:        255:       255
Costm ins
Clip ins eq:         20:        255:        20
Clip ins high:        971:        255:       255
Costm ins
Clip ins eq:         25:        255:        25
Clip ins high:        972:        255:       255
Costm ins
Clip ins eq:         23:        255:        23
Clip ins high:        973:        255:       255
Costm ins
Clip ins eq:         24:        255:        24
Clip ins high:        974:        255:       255
Costm ins
Clip ins eq:         24:        255:        24
Clip ins high:        975:        255:       255
Costm ins
Clip ins eq:         23:        255:        23
Clip ins high:        976:        255:       255
Costm ins
Clip ins eq:         22:        255:        22
Clip ins high:        977:        255:       255
Costm ins
Clip ins eq:         23:        255:        23
Clip ins high:        978:        255:       255
Costm ins
Clip ins eq:          4:        255:         4
Clip ins high:        979:        255:       255
Costm ins
Clip ins eq:         66:        255:        66
Clip ins high:        980:        255:       255
Costm ins
Clip ins eq:         49:        255:        49
Clip ins high:        981:        255:       255
Costm ins
Clip ins eq:         53:        255:        53
Clip ins high:        982:        255:       255
Costm ins
Clip ins eq:         43:        255:        43
Clip ins high:        983:        255:       255
Costm ins
Clip ins eq:         76:        255:        76
Clip ins high:        984:        255:       255
Costm ins
Clip ins eq:         62:        255:        62
Clip ins high:        985:        255:       255
Costm ins
Clip ins eq:         67:        255:        67
Clip ins high:        986:        255:       255
Costm ins
Clip ins eq:         31:        255:        31
Clip ins high:        987:        255:       255
Costm ins
Clip ins eq:        134:        255:       134
Clip ins high:        988:        255:       255
Costm ins
Clip ins eq:        105:        255:       105
Clip ins high:        989:        255:       255
Costm ins
Clip ins eq:        113:        255:       113
Clip ins high:        990:        255:       255
Finished in     2313220 cycles

Stopped at time : 231322101 ns : File "/media/sf_sharedwork/mmips/verilog/testbench.v" Line 132
